<?xml version="1.0" encoding="UTF-8"?>
<testsuite name="kr.co.daou.api.ApiApplicationTests" tests="1" skipped="0" failures="0" errors="0" timestamp="2024-08-18T13:58:59" hostname="DANHYESLAPTOP" time="0.77">
  <properties/>
  <testcase name="contextLoads()" classname="kr.co.daou.api.ApiApplicationTests" time="0.77"/>
  <system-out><![CDATA[2024-08-18 22:58:50,262 Test worker WARN No Root logger was configured, creating default ERROR-level Root logger with Console appender
2024-08-18T22:58:50,550 INFO  [Test worker] o.s.t.c.s.AbstractTestContextBootstrapper: Neither @ContextConfiguration nor @ContextHierarchy found for test class [kr.co.daou.api.ApiApplicationTests], using SpringBootContextLoader
2024-08-18T22:58:50,588 INFO  [Test worker] o.s.t.c.s.AbstractContextLoader: Could not detect default resource locations for test class [kr.co.daou.api.ApiApplicationTests]: no resource found for suffixes {-context.xml, Context.groovy}.
2024-08-18T22:58:50,590 INFO  [Test worker] o.s.t.c.s.AnnotationConfigContextLoaderUtils: Could not detect default configuration classes for test class [kr.co.daou.api.ApiApplicationTests]: ApiApplicationTests does not declare any static, non-private, non-final, nested classes annotated with @Configuration.
2024-08-18T22:58:50,802 INFO  [Test worker] o.s.b.t.c.SpringBootTestContextBootstrapper: Found @SpringBootConfiguration kr.co.daou.api.ApiApplication for test class kr.co.daou.api.ApiApplicationTests
2024-08-18T22:58:51,102 INFO  [Test worker] o.s.t.c.s.AbstractTestContextBootstrapper: Loaded default TestExecutionListener class names from location [META-INF/spring.factories]: [org.springframework.boot.test.autoconfigure.restdocs.RestDocsTestExecutionListener, org.springframework.boot.test.autoconfigure.web.client.MockRestServiceServerResetTestExecutionListener, org.springframework.boot.test.autoconfigure.web.servlet.MockMvcPrintOnlyOnFailureTestExecutionListener, org.springframework.boot.test.autoconfigure.web.servlet.WebDriverTestExecutionListener, org.springframework.boot.test.autoconfigure.webservices.client.MockWebServiceServerTestExecutionListener, org.springframework.boot.test.mock.mockito.MockitoTestExecutionListener, org.springframework.boot.test.mock.mockito.ResetMocksTestExecutionListener, org.springframework.test.context.web.ServletTestExecutionListener, org.springframework.test.context.support.DirtiesContextBeforeModesTestExecutionListener, org.springframework.test.context.event.ApplicationEventsTestExecutionListener, org.springframework.test.context.support.DependencyInjectionTestExecutionListener, org.springframework.test.context.support.DirtiesContextTestExecutionListener, org.springframework.test.context.transaction.TransactionalTestExecutionListener, org.springframework.test.context.jdbc.SqlScriptsTestExecutionListener, org.springframework.test.context.event.EventPublishingTestExecutionListener]
2024-08-18T22:58:51,159 INFO  [Test worker] o.s.t.c.s.AbstractTestContextBootstrapper: Using TestExecutionListeners: [org.springframework.test.context.web.ServletTestExecutionListener@1ff5fecc, org.springframework.test.context.support.DirtiesContextBeforeModesTestExecutionListener@5ed22935, org.springframework.test.context.event.ApplicationEventsTestExecutionListener@193a62d3, org.springframework.boot.test.mock.mockito.MockitoTestExecutionListener@7cd8b041, org.springframework.boot.test.autoconfigure.SpringBootDependencyInjectionTestExecutionListener@4c6b3288, org.springframework.test.context.support.DirtiesContextTestExecutionListener@3bf21b1, org.springframework.test.context.event.EventPublishingTestExecutionListener@49d9f7ef, org.springframework.boot.test.autoconfigure.restdocs.RestDocsTestExecutionListener@70ba1c2d, org.springframework.boot.test.autoconfigure.web.client.MockRestServiceServerResetTestExecutionListener@65509fc0, org.springframework.boot.test.autoconfigure.web.servlet.MockMvcPrintOnlyOnFailureTestExecutionListener@1f188872, org.springframework.boot.test.autoconfigure.web.servlet.WebDriverTestExecutionListener@19f872f1, org.springframework.boot.test.autoconfigure.webservices.client.MockWebServiceServerTestExecutionListener@39035e97, org.springframework.boot.test.mock.mockito.ResetMocksTestExecutionListener@584c78e8]
2024-08-18 22:58:52,605 Test worker INFO Log4j appears to be running in a Servlet environment, but there's no log4j-web module available. If you want better web container support, please add the log4j-web JAR to your web archive or server lib directory.
2024-08-18 22:58:52,666 Test worker WARN No Root logger was configured, creating default ERROR-level Root logger with Console appender

  .   ____          _            __ _ _
 /\\ / ___'_ __ _ _(_)_ __  __ _ \ \ \ \
( ( )\___ | '_ | '_| | '_ \/ _` | \ \ \ \
 \\/  ___)| |_)| | | | | || (_| |  ) ) ) )
  '  |____| .__|_| |_|_| |_\__, | / / / /
 =========|_|==============|___/=/_/_/_/
 :: Spring Boot ::               (v2.4.11)

2024-08-18T22:58:52,944 INFO  [Test worker] o.s.b.StartupInfoLogger: Starting ApiApplicationTests using Java 17.0.12 on DanhyesLAPTOP with PID 11912 (started by danhy in C:\Users\danhy\OneDrive\바탕 화면\spring 공부\BizApi\BizApi)
2024-08-18T22:58:52,957 INFO  [Test worker] o.s.b.SpringApplication: No active profile set, falling back to default profiles: default
2024-08-18T22:58:57,859 INFO  [Test worker] o.s.b.a.w.s.WelcomePageHandlerMapping: Adding welcome page: class path resource [static/index.html]
2024-08-18T22:58:58,202 WARN  [Test worker] o.s.b.a.t.ThymeleafAutoConfiguration$DefaultTemplateResolverConfiguration: Cannot find template location: classpath:/templates/ (please add some templates or check your Thymeleaf configuration)
2024-08-18T22:58:58,972 INFO  [Test worker] o.s.b.StartupInfoLogger: Started ApiApplicationTests in 7.628 seconds (JVM running for 11.695)
]]></system-out>
  <system-err><![CDATA[]]></system-err>
</testsuite>
